#-----------------------------------------------------------
# Vivado v2016.4 (64-bit)
# SW Build 1756540 on Mon Jan 23 19:11:23 MST 2017
# IP Build 1755317 on Mon Jan 23 20:30:07 MST 2017
# Start of session at: Tue Mar 22 23:11:45 2022
# Process ID: 2272
# Current directory: C:/Users/flore/Desktop/Faculta/AN2_SEM2/AC/mips
# Command line: vivado.exe -gui_launcher_event rodinguilauncherevent11160 C:\Users\flore\Desktop\Faculta\AN2_SEM2\AC\mips\mips.xpr
# Log file: C:/Users/flore/Desktop/Faculta/AN2_SEM2/AC/mips/vivado.log
# Journal file: C:/Users/flore/Desktop/Faculta/AN2_SEM2/AC/mips\vivado.jou
#-----------------------------------------------------------
start_gui
open_project C:/Users/flore/Desktop/Faculta/AN2_SEM2/AC/mips/mips.xpr
Scanning sources...
Finished scanning sources
INFO: [IP_Flow 19-234] Refreshing IP repositories
INFO: [IP_Flow 19-1704] No user IP repositories specified
INFO: [IP_Flow 19-2313] Loaded Vivado IP repository 'C:/Xilinx/Vivado/2016.4/data/ip'.
import_files -norecurse {C:/Users/flore/Desktop/Faculta/AN2_SEM2/AC/surse/mpg.vhd C:/Users/flore/Desktop/Faculta/AN2_SEM2/AC/surse/ssd.vhd}
exit
INFO: [Common 17-206] Exiting Vivado at Tue Mar 22 23:15:09 2022...
